# JRE version: OpenJDK Runtime Environment (19.0.1+10) (build 19.0.1+10-21)
# Java VM: OpenJDK 64-Bit Server VM (19.0.1+10-21, mixed mode, sharing, tiered, compressed oops, compressed class ptrs, g1 gc, windows-amd64)
GC Precious Log:
 CardTable entry size: 512
 Card Set container configuration: InlinePtr #cards 4 size 8 Array Of Cards #cards 16 size 48 Howl #buckets 8 coarsen threshold 3686 Howl Bitmap #cards 512 size 80 coarsen threshold 460 Card regions per heap region 1 cards per card region 4096
 CPUs: 16 total, 16 available
 Memory: 16309M
 Large Page Support: Disabled
 NUMA Support: Disabled
 Compressed Oops: Enabled (Zero based)
 Heap Region Size: 2M
 Heap Min Capacity: 8M
 Heap Initial Capacity: 256M
 Heap Max Capacity: 4078M
 Pre-touch: Disabled
 Parallel Workers: 13
 Concurrent Workers: 3
 Concurrent Refinement Workers: 13
 Periodic GC: Disabled
Heap:
 garbage-first heap   total 96256K, used 36509K [0x0000000701200000, 0x0000000800000000)
  region size 2048K, 7 young (14336K), 3 survivors (6144K)
 Metaspace       used 45720K, committed 46208K, reserved 1114112K
  class space    used 5531K, committed 5760K, reserved 1048576K
GC Heap History (20 events):
Event: 1.999 GC heap before
{Heap before GC invocations=4 (full 0):
 garbage-first heap   total 61440K, used 60173K [0x0000000701200000, 0x0000000800000000)
  region size 2048K, 25 young (51200K), 3 survivors (6144K)
 Metaspace       used 26441K, committed 26752K, reserved 1114112K
  class space    used 3187K, committed 3328K, reserved 1048576K
}
Event: 2.004 GC heap after
{Heap after GC invocations=5 (full 0):
 garbage-first heap   total 69632K, used 17057K [0x0000000701200000, 0x0000000800000000)
  region size 2048K, 4 young (8192K), 4 survivors (8192K)
 Metaspace       used 26441K, committed 26752K, reserved 1114112K
  class space    used 3187K, committed 3328K, reserved 1048576K
}
Event: 2.018 GC heap before
{Heap before GC invocations=5 (full 0):
 garbage-first heap   total 69632K, used 19105K [0x0000000701200000, 0x0000000800000000)
  region size 2048K, 5 young (10240K), 4 survivors (8192K)
 Metaspace       used 26471K, committed 26816K, reserved 1114112K
  class space    used 3189K, committed 3328K, reserved 1048576K
}
Event: 2.024 GC heap after
{Heap after GC invocations=6 (full 0):
 garbage-first heap   total 69632K, used 17597K [0x0000000701200000, 0x0000000800000000)
  region size 2048K, 1 young (2048K), 1 survivors (2048K)
 Metaspace       used 26471K, committed 26816K, reserved 1114112K
  class space    used 3189K, committed 3328K, reserved 1048576K
}
Event: 2.353 GC heap before
{Heap before GC invocations=6 (full 0):
 garbage-first heap   total 69632K, used 44221K [0x0000000701200000, 0x0000000800000000)
  region size 2048K, 14 young (28672K), 1 survivors (2048K)
 Metaspace       used 28812K, committed 29120K, reserved 1114112K
  class space    used 3482K, committed 3648K, reserved 1048576K
}
Event: 2.357 GC heap after
{Heap after GC invocations=7 (full 0):
 garbage-first heap   total 69632K, used 19028K [0x0000000701200000, 0x0000000800000000)
  region size 2048K, 2 young (4096K), 2 survivors (4096K)
 Metaspace       used 28812K, committed 29120K, reserved 1114112K
  class space    used 3482K, committed 3648K, reserved 1048576K
}
Event: 2.730 GC heap before
{Heap before GC invocations=7 (full 0):
 garbage-first heap   total 69632K, used 45652K [0x0000000701200000, 0x0000000800000000)
  region size 2048K, 15 young (30720K), 2 survivors (4096K)
 Metaspace       used 31102K, committed 31488K, reserved 1114112K
  class space    used 3779K, committed 3968K, reserved 1048576K
}
Event: 2.735 GC heap after
{Heap after GC invocations=8 (full 0):
 garbage-first heap   total 139264K, used 20614K [0x0000000701200000, 0x0000000800000000)
  region size 2048K, 1 young (2048K), 1 survivors (2048K)
 Metaspace       used 31102K, committed 31488K, reserved 1114112K
  class space    used 3779K, committed 3968K, reserved 1048576K
}
Event: 3.351 GC heap before
{Heap before GC invocations=8 (full 0):
 garbage-first heap   total 139264K, used 57478K [0x0000000701200000, 0x0000000800000000)
  region size 2048K, 20 young (40960K), 1 survivors (2048K)
 Metaspace       used 35651K, committed 35968K, reserved 1114112K
  class space    used 4374K, committed 4544K, reserved 1048576K
}
Event: 3.356 GC heap after
{Heap after GC invocations=9 (full 0):
 garbage-first heap   total 139264K, used 23342K [0x0000000701200000, 0x0000000800000000)
  region size 2048K, 3 young (6144K), 3 survivors (6144K)
 Metaspace       used 35651K, committed 35968K, reserved 1114112K
  class space    used 4374K, committed 4544K, reserved 1048576K
}
Event: 3.802 GC heap before
{Heap before GC invocations=10 (full 0):
 garbage-first heap   total 96256K, used 74542K [0x0000000701200000, 0x0000000800000000)
  region size 2048K, 28 young (57344K), 3 survivors (6144K)
 Metaspace       used 38916K, committed 39296K, reserved 1114112K
  class space    used 4721K, committed 4928K, reserved 1048576K
}
Event: 3.811 GC heap after
{Heap after GC invocations=11 (full 0):
 garbage-first heap   total 96256K, used 25248K [0x0000000701200000, 0x0000000800000000)
  region size 2048K, 3 young (6144K), 3 survivors (6144K)
 Metaspace       used 38916K, committed 39296K, reserved 1114112K
  class space    used 4721K, committed 4928K, reserved 1048576K
}
Event: 3.814 GC heap before
{Heap before GC invocations=11 (full 0):
 garbage-first heap   total 96256K, used 27296K [0x0000000701200000, 0x0000000800000000)
  region size 2048K, 4 young (8192K), 3 survivors (6144K)
 Metaspace       used 38916K, committed 39296K, reserved 1114112K
  class space    used 4721K, committed 4928K, reserved 1048576K
}
Event: 3.819 GC heap after
{Heap after GC invocations=12 (full 0):
 garbage-first heap   total 96256K, used 25584K [0x0000000701200000, 0x0000000800000000)
  region size 2048K, 1 young (2048K), 1 survivors (2048K)
 Metaspace       used 38916K, committed 39296K, reserved 1114112K
  class space    used 4721K, committed 4928K, reserved 1048576K
}
Event: 4.087 GC heap before
{Heap before GC invocations=12 (full 0):
 garbage-first heap   total 96256K, used 70640K [0x0000000701200000, 0x0000000800000000)
  region size 2048K, 23 young (47104K), 1 survivors (2048K)
 Metaspace       used 40200K, committed 40640K, reserved 1114112K
  class space    used 4875K, committed 5120K, reserved 1048576K
}
Event: 4.089 GC heap after
{Heap after GC invocations=13 (full 0):
 garbage-first heap   total 96256K, used 25910K [0x0000000701200000, 0x0000000800000000)
  region size 2048K, 1 young (2048K), 1 survivors (2048K)
 Metaspace       used 40200K, committed 40640K, reserved 1114112K
  class space    used 4875K, committed 5120K, reserved 1048576K
}
Event: 4.645 GC heap before
{Heap before GC invocations=13 (full 0):
 garbage-first heap   total 96256K, used 73014K [0x0000000701200000, 0x0000000800000000)
  region size 2048K, 24 young (49152K), 1 survivors (2048K)
 Metaspace       used 43179K, committed 43648K, reserved 1114112K
  class space    used 5205K, committed 5440K, reserved 1048576K
}
Event: 4.650 GC heap after
{Heap after GC invocations=14 (full 0):
 garbage-first heap   total 96256K, used 28768K [0x0000000701200000, 0x0000000800000000)
  region size 2048K, 2 young (4096K), 2 survivors (4096K)
 Metaspace       used 43179K, committed 43648K, reserved 1114112K
  class space    used 5205K, committed 5440K, reserved 1048576K
}
Event: 5.378 GC heap before
{Heap before GC invocations=14 (full 0):
 garbage-first heap   total 96256K, used 73824K [0x0000000701200000, 0x0000000800000000)
  region size 2048K, 24 young (49152K), 2 survivors (4096K)
 Metaspace       used 45600K, committed 46080K, reserved 1114112K
  class space    used 5513K, committed 5760K, reserved 1048576K
}
Event: 5.391 GC heap after
{Heap after GC invocations=15 (full 0):
 garbage-first heap   total 96256K, used 30365K [0x0000000701200000, 0x0000000800000000)
  region size 2048K, 3 young (6144K), 3 survivors (6144K)
 Metaspace       used 45600K, committed 46080K, reserved 1114112K
  class space    used 5513K, committed 5760K, reserved 1048576K
}

